2021-04-17 12:34:01,858 INFO org.hibernate.validator.internal.util.Version [background-preinit] HV000001: Hibernate Validator 6.1.7.Final
2021-04-17 12:34:01,909 INFO com.Sprint1HomeDecoreStoreApplication [main] Starting Sprint1HomeDecoreStoreApplication using Java 1.8.0_111 on DESKTOP-DLC9QJO with PID 10764 (E:\CapgeminiSpringProject\Sprint1-Home_Decore_Store\bin\main started by Happy in E:\CapgeminiSpringProject\Sprint1-Home_Decore_Store)
2021-04-17 12:34:01,921 INFO com.Sprint1HomeDecoreStoreApplication [main] No active profile set, falling back to default profiles: default
2021-04-17 12:34:16,991 INFO org.springframework.data.repository.config.RepositoryConfigurationDelegate [main] Bootstrapping Spring Data JPA repositories in DEFAULT mode.
2021-04-17 12:34:24,617 INFO org.springframework.data.repository.config.RepositoryConfigurationDelegate [main] Finished Spring Data repository scanning in 7554 ms. Found 8 JPA repository interfaces.
2021-04-17 12:34:31,428 INFO org.springframework.boot.web.embedded.tomcat.TomcatWebServer [main] Tomcat initialized with port(s): 8081 (http)
2021-04-17 12:34:31,520 INFO org.apache.coyote.http11.Http11NioProtocol [main] Initializing ProtocolHandler ["http-nio-8081"]
2021-04-17 12:34:31,531 INFO org.apache.catalina.core.StandardService [main] Starting service [Tomcat]
2021-04-17 12:34:31,538 INFO org.apache.catalina.core.StandardEngine [main] Starting Servlet engine: [Apache Tomcat/9.0.44]
2021-04-17 12:34:33,739 INFO org.apache.catalina.core.ContainerBase.[Tomcat].[localhost].[/] [main] Initializing Spring embedded WebApplicationContext
2021-04-17 12:34:33,742 INFO org.springframework.boot.web.servlet.context.ServletWebServerApplicationContext [main] Root WebApplicationContext: initialization completed in 31317 ms
2021-04-17 12:34:39,682 INFO org.hibernate.jpa.internal.util.LogHelper [main] HHH000204: Processing PersistenceUnitInfo [name: default]
2021-04-17 12:34:39,886 INFO org.hibernate.Version [main] HHH000412: Hibernate ORM core version 5.4.29.Final
2021-04-17 12:34:40,998 INFO org.hibernate.annotations.common.Version [main] HCANN000001: Hibernate Commons Annotations {5.1.2.Final}
2021-04-17 12:34:41,701 INFO com.zaxxer.hikari.HikariDataSource [main] HikariPoolBooks - Starting...
2021-04-17 12:34:46,179 INFO com.zaxxer.hikari.HikariDataSource [main] HikariPoolBooks - Start completed.
2021-04-17 12:34:46,325 INFO org.hibernate.dialect.Dialect [main] HHH000400: Using dialect: org.hibernate.dialect.Oracle12cDialect
2021-04-17 12:34:55,947 INFO org.hibernate.engine.transaction.jta.platform.internal.JtaPlatformInitiator [main] HHH000490: Using JtaPlatform implementation: [org.hibernate.engine.transaction.jta.platform.internal.NoJtaPlatform]
2021-04-17 12:34:56,058 INFO org.springframework.orm.jpa.LocalContainerEntityManagerFactoryBean [main] Initialized JPA EntityManagerFactory for persistence unit 'default'
2021-04-17 12:35:07,566 WARN org.springframework.boot.autoconfigure.orm.jpa.JpaBaseConfiguration$JpaWebConfiguration [main] spring.jpa.open-in-view is enabled by default. Therefore, database queries may be performed during view rendering. Explicitly configure spring.jpa.open-in-view to disable this warning
2021-04-17 12:35:12,097 INFO org.springframework.scheduling.concurrent.ThreadPoolTaskExecutor [main] Initializing ExecutorService 'applicationTaskExecutor'
2021-04-17 12:35:16,771 INFO org.apache.coyote.http11.Http11NioProtocol [main] Starting ProtocolHandler ["http-nio-8081"]
2021-04-17 12:35:16,811 WARN org.springframework.boot.web.servlet.context.AnnotationConfigServletWebServerApplicationContext [main] Exception encountered during context initialization - cancelling refresh attempt: org.springframework.context.ApplicationContextException: Failed to start bean 'webServerStartStop'; nested exception is org.springframework.boot.web.server.PortInUseException: Port 8081 is already in use
2021-04-17 12:35:16,812 INFO org.springframework.scheduling.concurrent.ThreadPoolTaskExecutor [main] Shutting down ExecutorService 'applicationTaskExecutor'
2021-04-17 12:35:16,833 INFO org.springframework.orm.jpa.LocalContainerEntityManagerFactoryBean [main] Closing JPA EntityManagerFactory for persistence unit 'default'
2021-04-17 12:35:16,999 INFO com.zaxxer.hikari.HikariDataSource [main] HikariPoolBooks - Shutdown initiated...
2021-04-17 12:35:17,098 INFO com.zaxxer.hikari.HikariDataSource [main] HikariPoolBooks - Shutdown completed.
2021-04-17 12:35:17,143 INFO org.apache.coyote.http11.Http11NioProtocol [main] Pausing ProtocolHandler ["http-nio-8081"]
2021-04-17 12:35:17,147 INFO org.apache.catalina.core.StandardService [main] Stopping service [Tomcat]
2021-04-17 12:35:17,198 INFO org.apache.coyote.http11.Http11NioProtocol [main] Stopping ProtocolHandler ["http-nio-8081"]
2021-04-17 12:35:17,200 INFO org.apache.coyote.http11.Http11NioProtocol [main] Destroying ProtocolHandler ["http-nio-8081"]
2021-04-17 12:35:17,356 INFO org.springframework.boot.autoconfigure.logging.ConditionEvaluationReportLoggingListener [main] 

Error starting ApplicationContext. To display the conditions report re-run your application with 'debug' enabled.
2021-04-17 12:35:17,566 ERROR org.springframework.boot.diagnostics.LoggingFailureAnalysisReporter [main] 

***************************
APPLICATION FAILED TO START
***************************

Description:

Web server failed to start. Port 8081 was already in use.

Action:

Identify and stop the process that's listening on port 8081 or configure this application to listen on another port.

2021-04-17 12:35:56,057 INFO com.Sprint1HomeDecoreStoreApplication [main] Starting Sprint1HomeDecoreStoreApplication using Java 1.8.0_111 on DESKTOP-DLC9QJO with PID 2932 (E:\CapgeminiSpringProject\Sprint1-Home_Decore_Store\bin\main started by Happy in E:\CapgeminiSpringProject\Sprint1-Home_Decore_Store)
2021-04-17 12:35:56,038 INFO org.hibernate.validator.internal.util.Version [background-preinit] HV000001: Hibernate Validator 6.1.7.Final
2021-04-17 12:35:56,086 INFO com.Sprint1HomeDecoreStoreApplication [main] No active profile set, falling back to default profiles: default
2021-04-17 12:36:12,973 INFO org.springframework.data.repository.config.RepositoryConfigurationDelegate [main] Bootstrapping Spring Data JPA repositories in DEFAULT mode.
2021-04-17 12:36:18,021 INFO org.springframework.data.repository.config.RepositoryConfigurationDelegate [main] Finished Spring Data repository scanning in 4981 ms. Found 8 JPA repository interfaces.
2021-04-17 12:36:23,394 INFO org.springframework.boot.web.embedded.tomcat.TomcatWebServer [main] Tomcat initialized with port(s): 8081 (http)
2021-04-17 12:36:23,454 INFO org.apache.coyote.http11.Http11NioProtocol [main] Initializing ProtocolHandler ["http-nio-8081"]
2021-04-17 12:36:23,467 INFO org.apache.catalina.core.StandardService [main] Starting service [Tomcat]
2021-04-17 12:36:23,478 INFO org.apache.catalina.core.StandardEngine [main] Starting Servlet engine: [Apache Tomcat/9.0.44]
2021-04-17 12:36:24,832 INFO org.apache.catalina.core.ContainerBase.[Tomcat].[localhost].[/] [main] Initializing Spring embedded WebApplicationContext
2021-04-17 12:36:24,832 INFO org.springframework.boot.web.servlet.context.ServletWebServerApplicationContext [main] Root WebApplicationContext: initialization completed in 28137 ms
2021-04-17 12:36:30,269 INFO org.hibernate.jpa.internal.util.LogHelper [main] HHH000204: Processing PersistenceUnitInfo [name: default]
2021-04-17 12:36:30,476 INFO org.hibernate.Version [main] HHH000412: Hibernate ORM core version 5.4.29.Final
2021-04-17 12:36:31,436 INFO org.hibernate.annotations.common.Version [main] HCANN000001: Hibernate Commons Annotations {5.1.2.Final}
2021-04-17 12:36:32,169 INFO com.zaxxer.hikari.HikariDataSource [main] HikariPoolBooks - Starting...
2021-04-17 12:36:44,384 INFO com.zaxxer.hikari.HikariDataSource [main] HikariPoolBooks - Start completed.
2021-04-17 12:36:44,740 INFO org.hibernate.dialect.Dialect [main] HHH000400: Using dialect: org.hibernate.dialect.Oracle12cDialect
2021-04-17 12:37:08,019 INFO org.hibernate.engine.transaction.jta.platform.internal.JtaPlatformInitiator [main] HHH000490: Using JtaPlatform implementation: [org.hibernate.engine.transaction.jta.platform.internal.NoJtaPlatform]
2021-04-17 12:37:08,406 INFO org.springframework.orm.jpa.LocalContainerEntityManagerFactoryBean [main] Initialized JPA EntityManagerFactory for persistence unit 'default'
2021-04-17 12:37:32,336 WARN org.springframework.boot.autoconfigure.orm.jpa.JpaBaseConfiguration$JpaWebConfiguration [main] spring.jpa.open-in-view is enabled by default. Therefore, database queries may be performed during view rendering. Explicitly configure spring.jpa.open-in-view to disable this warning
2021-04-17 12:37:38,181 INFO org.springframework.scheduling.concurrent.ThreadPoolTaskExecutor [main] Initializing ExecutorService 'applicationTaskExecutor'
2021-04-17 12:37:43,937 INFO org.apache.coyote.http11.Http11NioProtocol [main] Starting ProtocolHandler ["http-nio-8081"]
2021-04-17 12:37:44,225 INFO org.springframework.boot.web.embedded.tomcat.TomcatWebServer [main] Tomcat started on port(s): 8081 (http) with context path ''
2021-04-17 12:37:53,908 INFO com.Sprint1HomeDecoreStoreApplication [main] Started Sprint1HomeDecoreStoreApplication in 122.136 seconds (JVM running for 132.633)
2021-04-17 12:38:02,287 INFO org.apache.catalina.core.ContainerBase.[Tomcat].[localhost].[/] [http-nio-8081-exec-1] Initializing Spring DispatcherServlet 'dispatcherServlet'
2021-04-17 12:38:02,289 INFO org.springframework.web.servlet.DispatcherServlet [http-nio-8081-exec-1] Initializing Servlet 'dispatcherServlet'
2021-04-17 12:38:02,323 INFO org.springframework.web.servlet.DispatcherServlet [http-nio-8081-exec-1] Completed initialization in 32 ms
2021-04-17 12:50:17,087 INFO org.springframework.boot.admin.SpringApplicationAdminMXBeanRegistrar$SpringApplicationAdmin [RMI TCP Connection(2)-127.0.0.1] Application shutdown requested.
2021-04-17 12:50:19,046 INFO org.springframework.scheduling.concurrent.ThreadPoolTaskExecutor [RMI TCP Connection(2)-127.0.0.1] Shutting down ExecutorService 'applicationTaskExecutor'
2021-04-17 12:50:19,199 INFO org.springframework.orm.jpa.LocalContainerEntityManagerFactoryBean [RMI TCP Connection(2)-127.0.0.1] Closing JPA EntityManagerFactory for persistence unit 'default'
2021-04-17 12:50:19,248 INFO com.zaxxer.hikari.HikariDataSource [RMI TCP Connection(2)-127.0.0.1] HikariPoolBooks - Shutdown initiated...
2021-04-17 12:50:19,328 INFO com.zaxxer.hikari.HikariDataSource [RMI TCP Connection(2)-127.0.0.1] HikariPoolBooks - Shutdown completed.
2021-04-17 12:50:44,079 INFO org.hibernate.validator.internal.util.Version [background-preinit] HV000001: Hibernate Validator 6.1.7.Final
2021-04-17 12:50:44,101 INFO com.Sprint1HomeDecoreStoreApplication [main] Starting Sprint1HomeDecoreStoreApplication using Java 1.8.0_111 on DESKTOP-DLC9QJO with PID 8504 (E:\CapgeminiSpringProject\Sprint1-Home_Decore_Store\bin\main started by Happy in E:\CapgeminiSpringProject\Sprint1-Home_Decore_Store)
2021-04-17 12:50:44,137 INFO com.Sprint1HomeDecoreStoreApplication [main] No active profile set, falling back to default profiles: default
2021-04-17 12:51:07,892 INFO org.springframework.data.repository.config.RepositoryConfigurationDelegate [main] Bootstrapping Spring Data JPA repositories in DEFAULT mode.
2021-04-17 12:51:15,802 INFO org.springframework.data.repository.config.RepositoryConfigurationDelegate [main] Finished Spring Data repository scanning in 7827 ms. Found 8 JPA repository interfaces.
2021-04-17 12:51:22,079 INFO org.springframework.boot.web.embedded.tomcat.TomcatWebServer [main] Tomcat initialized with port(s): 8081 (http)
2021-04-17 12:51:22,091 INFO org.apache.coyote.http11.Http11NioProtocol [main] Initializing ProtocolHandler ["http-nio-8081"]
2021-04-17 12:51:22,092 INFO org.apache.catalina.core.StandardService [main] Starting service [Tomcat]
2021-04-17 12:51:22,093 INFO org.apache.catalina.core.StandardEngine [main] Starting Servlet engine: [Apache Tomcat/9.0.44]
2021-04-17 12:51:23,604 INFO org.apache.catalina.core.ContainerBase.[Tomcat].[localhost].[/] [main] Initializing Spring embedded WebApplicationContext
2021-04-17 12:51:23,607 INFO org.springframework.boot.web.servlet.context.ServletWebServerApplicationContext [main] Root WebApplicationContext: initialization completed in 38515 ms
2021-04-17 12:51:40,144 INFO org.hibernate.jpa.internal.util.LogHelper [main] HHH000204: Processing PersistenceUnitInfo [name: default]
2021-04-17 12:51:41,273 INFO org.hibernate.Version [main] HHH000412: Hibernate ORM core version 5.4.29.Final
2021-04-17 12:51:44,594 INFO org.hibernate.annotations.common.Version [main] HCANN000001: Hibernate Commons Annotations {5.1.2.Final}
2021-04-17 12:51:45,964 INFO com.zaxxer.hikari.HikariDataSource [main] HikariPoolBooks - Starting...
2021-04-17 12:51:57,953 INFO com.zaxxer.hikari.HikariDataSource [main] HikariPoolBooks - Start completed.
2021-04-17 12:51:58,164 INFO org.hibernate.dialect.Dialect [main] HHH000400: Using dialect: org.hibernate.dialect.Oracle12cDialect
2021-04-17 12:52:14,624 INFO org.hibernate.engine.transaction.jta.platform.internal.JtaPlatformInitiator [main] HHH000490: Using JtaPlatform implementation: [org.hibernate.engine.transaction.jta.platform.internal.NoJtaPlatform]
2021-04-17 12:52:14,667 INFO org.springframework.orm.jpa.LocalContainerEntityManagerFactoryBean [main] Initialized JPA EntityManagerFactory for persistence unit 'default'
2021-04-17 12:52:32,847 WARN org.springframework.boot.autoconfigure.orm.jpa.JpaBaseConfiguration$JpaWebConfiguration [main] spring.jpa.open-in-view is enabled by default. Therefore, database queries may be performed during view rendering. Explicitly configure spring.jpa.open-in-view to disable this warning
2021-04-17 12:52:51,964 INFO org.springframework.scheduling.concurrent.ThreadPoolTaskExecutor [main] Initializing ExecutorService 'applicationTaskExecutor'
2021-04-17 12:53:13,250 INFO org.apache.coyote.http11.Http11NioProtocol [main] Starting ProtocolHandler ["http-nio-8081"]
2021-04-17 12:53:13,602 INFO org.springframework.boot.web.embedded.tomcat.TomcatWebServer [main] Tomcat started on port(s): 8081 (http) with context path ''
2021-04-17 12:53:25,469 INFO com.Sprint1HomeDecoreStoreApplication [main] Started Sprint1HomeDecoreStoreApplication in 164.367 seconds (JVM running for 176.528)
2021-04-17 13:04:10,247 INFO org.apache.catalina.core.ContainerBase.[Tomcat].[localhost].[/] [http-nio-8081-exec-1] Initializing Spring DispatcherServlet 'dispatcherServlet'
2021-04-17 13:04:10,248 INFO org.springframework.web.servlet.DispatcherServlet [http-nio-8081-exec-1] Initializing Servlet 'dispatcherServlet'
2021-04-17 13:04:10,299 INFO org.springframework.web.servlet.DispatcherServlet [http-nio-8081-exec-1] Completed initialization in 49 ms
2021-04-17 13:06:29,263 INFO org.springframework.boot.admin.SpringApplicationAdminMXBeanRegistrar$SpringApplicationAdmin [RMI TCP Connection(2)-127.0.0.1] Application shutdown requested.
2021-04-17 13:06:32,164 INFO org.springframework.scheduling.concurrent.ThreadPoolTaskExecutor [RMI TCP Connection(2)-127.0.0.1] Shutting down ExecutorService 'applicationTaskExecutor'
2021-04-17 13:06:32,411 INFO org.springframework.orm.jpa.LocalContainerEntityManagerFactoryBean [RMI TCP Connection(2)-127.0.0.1] Closing JPA EntityManagerFactory for persistence unit 'default'
2021-04-17 13:06:32,809 INFO com.zaxxer.hikari.HikariDataSource [RMI TCP Connection(2)-127.0.0.1] HikariPoolBooks - Shutdown initiated...
2021-04-17 13:06:32,965 INFO com.zaxxer.hikari.HikariDataSource [RMI TCP Connection(2)-127.0.0.1] HikariPoolBooks - Shutdown completed.
2021-04-17 13:07:32,330 INFO org.hibernate.validator.internal.util.Version [background-preinit] HV000001: Hibernate Validator 6.1.7.Final
2021-04-17 13:07:32,431 INFO com.Sprint1HomeDecoreStoreApplication [main] Starting Sprint1HomeDecoreStoreApplication using Java 1.8.0_111 on DESKTOP-DLC9QJO with PID 9696 (E:\CapgeminiSpringProject\Sprint1-Home_Decore_Store\bin\main started by Happy in E:\CapgeminiSpringProject\Sprint1-Home_Decore_Store)
2021-04-17 13:07:32,441 DEBUG com.Sprint1HomeDecoreStoreApplication [main] Running with Spring Boot v2.4.4, Spring v5.3.5
2021-04-17 13:07:32,449 INFO com.Sprint1HomeDecoreStoreApplication [main] No active profile set, falling back to default profiles: default
2021-04-17 13:08:28,900 INFO org.springframework.data.repository.config.RepositoryConfigurationDelegate [main] Bootstrapping Spring Data JPA repositories in DEFAULT mode.
2021-04-17 13:08:43,488 INFO org.springframework.data.repository.config.RepositoryConfigurationDelegate [main] Finished Spring Data repository scanning in 14251 ms. Found 8 JPA repository interfaces.
2021-04-17 13:09:03,148 INFO org.springframework.boot.web.embedded.tomcat.TomcatWebServer [main] Tomcat initialized with port(s): 8081 (http)
2021-04-17 13:09:03,378 INFO org.apache.coyote.http11.Http11NioProtocol [main] Initializing ProtocolHandler ["http-nio-8081"]
2021-04-17 13:09:03,419 INFO org.apache.catalina.core.StandardService [main] Starting service [Tomcat]
2021-04-17 13:09:03,433 INFO org.apache.catalina.core.StandardEngine [main] Starting Servlet engine: [Apache Tomcat/9.0.44]
2021-04-17 13:09:07,752 INFO org.apache.catalina.core.ContainerBase.[Tomcat].[localhost].[/] [main] Initializing Spring embedded WebApplicationContext
2021-04-17 13:09:07,757 INFO org.springframework.boot.web.servlet.context.ServletWebServerApplicationContext [main] Root WebApplicationContext: initialization completed in 94538 ms
2021-04-17 13:09:58,027 INFO org.hibernate.jpa.internal.util.LogHelper [main] HHH000204: Processing PersistenceUnitInfo [name: default]
2021-04-17 13:09:59,746 INFO org.hibernate.Version [main] HHH000412: Hibernate ORM core version 5.4.29.Final
2021-04-17 13:10:02,505 INFO org.hibernate.annotations.common.Version [main] HCANN000001: Hibernate Commons Annotations {5.1.2.Final}
2021-04-17 13:10:04,123 INFO com.zaxxer.hikari.HikariDataSource [main] HikariPoolBooks - Starting...
2021-04-17 13:10:31,880 INFO com.zaxxer.hikari.HikariDataSource [main] HikariPoolBooks - Start completed.
2021-04-17 13:10:31,920 INFO org.hibernate.dialect.Dialect [main] HHH000400: Using dialect: org.hibernate.dialect.Oracle12cDialect
2021-04-17 13:10:44,215 INFO org.hibernate.engine.transaction.jta.platform.internal.JtaPlatformInitiator [main] HHH000490: Using JtaPlatform implementation: [org.hibernate.engine.transaction.jta.platform.internal.NoJtaPlatform]
2021-04-17 13:10:44,328 INFO org.springframework.orm.jpa.LocalContainerEntityManagerFactoryBean [main] Initialized JPA EntityManagerFactory for persistence unit 'default'
2021-04-17 13:10:58,248 WARN org.springframework.boot.autoconfigure.orm.jpa.JpaBaseConfiguration$JpaWebConfiguration [main] spring.jpa.open-in-view is enabled by default. Therefore, database queries may be performed during view rendering. Explicitly configure spring.jpa.open-in-view to disable this warning
2021-04-17 13:11:06,738 INFO org.springframework.scheduling.concurrent.ThreadPoolTaskExecutor [main] Initializing ExecutorService 'applicationTaskExecutor'
2021-04-17 13:11:15,492 INFO org.apache.coyote.http11.Http11NioProtocol [main] Starting ProtocolHandler ["http-nio-8081"]
2021-04-17 13:11:15,812 INFO org.springframework.boot.web.embedded.tomcat.TomcatWebServer [main] Tomcat started on port(s): 8081 (http) with context path ''
2021-04-17 13:11:24,772 INFO com.Sprint1HomeDecoreStoreApplication [main] Started Sprint1HomeDecoreStoreApplication in 239.455 seconds (JVM running for 281.18)
2021-04-17 13:11:33,010 INFO org.apache.catalina.core.ContainerBase.[Tomcat].[localhost].[/] [http-nio-8081-exec-1] Initializing Spring DispatcherServlet 'dispatcherServlet'
2021-04-17 13:11:33,011 INFO org.springframework.web.servlet.DispatcherServlet [http-nio-8081-exec-1] Initializing Servlet 'dispatcherServlet'
2021-04-17 13:11:33,077 INFO org.springframework.web.servlet.DispatcherServlet [http-nio-8081-exec-1] Completed initialization in 65 ms
2021-04-17 13:36:28,047 INFO org.springframework.boot.admin.SpringApplicationAdminMXBeanRegistrar$SpringApplicationAdmin [RMI TCP Connection(2)-127.0.0.1] Application shutdown requested.
2021-04-17 13:36:28,424 INFO org.springframework.scheduling.concurrent.ThreadPoolTaskExecutor [RMI TCP Connection(2)-127.0.0.1] Shutting down ExecutorService 'applicationTaskExecutor'
2021-04-17 13:36:28,548 INFO org.springframework.orm.jpa.LocalContainerEntityManagerFactoryBean [RMI TCP Connection(2)-127.0.0.1] Closing JPA EntityManagerFactory for persistence unit 'default'
2021-04-17 13:36:28,560 INFO com.zaxxer.hikari.HikariDataSource [RMI TCP Connection(2)-127.0.0.1] HikariPoolBooks - Shutdown initiated...
2021-04-17 13:36:28,601 INFO com.zaxxer.hikari.HikariDataSource [RMI TCP Connection(2)-127.0.0.1] HikariPoolBooks - Shutdown completed.
2021-04-17 13:36:38,085 INFO org.hibernate.validator.internal.util.Version [background-preinit] HV000001: Hibernate Validator 6.1.7.Final
2021-04-17 13:36:38,088 INFO com.Sprint1HomeDecoreStoreApplication [main] Starting Sprint1HomeDecoreStoreApplication using Java 1.8.0_111 on DESKTOP-DLC9QJO with PID 8172 (E:\CapgeminiSpringProject\Sprint1-Home_Decore_Store\bin\main started by Happy in E:\CapgeminiSpringProject\Sprint1-Home_Decore_Store)
2021-04-17 13:36:38,093 DEBUG com.Sprint1HomeDecoreStoreApplication [main] Running with Spring Boot v2.4.4, Spring v5.3.5
2021-04-17 13:36:38,094 INFO com.Sprint1HomeDecoreStoreApplication [main] No active profile set, falling back to default profiles: default
2021-04-17 13:36:41,057 INFO org.springframework.data.repository.config.RepositoryConfigurationDelegate [main] Bootstrapping Spring Data JPA repositories in DEFAULT mode.
2021-04-17 13:36:42,035 INFO org.springframework.data.repository.config.RepositoryConfigurationDelegate [main] Finished Spring Data repository scanning in 967 ms. Found 8 JPA repository interfaces.
2021-04-17 13:36:42,872 INFO org.springframework.boot.web.embedded.tomcat.TomcatWebServer [main] Tomcat initialized with port(s): 8081 (http)
2021-04-17 13:36:42,883 INFO org.apache.coyote.http11.Http11NioProtocol [main] Initializing ProtocolHandler ["http-nio-8081"]
2021-04-17 13:36:42,884 INFO org.apache.catalina.core.StandardService [main] Starting service [Tomcat]
2021-04-17 13:36:42,885 INFO org.apache.catalina.core.StandardEngine [main] Starting Servlet engine: [Apache Tomcat/9.0.44]
2021-04-17 13:36:43,116 INFO org.apache.catalina.core.ContainerBase.[Tomcat].[localhost].[/] [main] Initializing Spring embedded WebApplicationContext
2021-04-17 13:36:43,116 INFO org.springframework.boot.web.servlet.context.ServletWebServerApplicationContext [main] Root WebApplicationContext: initialization completed in 4936 ms
2021-04-17 13:36:44,037 INFO org.hibernate.jpa.internal.util.LogHelper [main] HHH000204: Processing PersistenceUnitInfo [name: default]
2021-04-17 13:36:44,091 INFO org.hibernate.Version [main] HHH000412: Hibernate ORM core version 5.4.29.Final
2021-04-17 13:36:44,238 INFO org.hibernate.annotations.common.Version [main] HCANN000001: Hibernate Commons Annotations {5.1.2.Final}
2021-04-17 13:36:44,355 INFO com.zaxxer.hikari.HikariDataSource [main] HikariPoolBooks - Starting...
2021-04-17 13:36:45,203 INFO com.zaxxer.hikari.HikariDataSource [main] HikariPoolBooks - Start completed.
2021-04-17 13:36:45,219 INFO org.hibernate.dialect.Dialect [main] HHH000400: Using dialect: org.hibernate.dialect.Oracle12cDialect
2021-04-17 13:36:46,596 INFO org.hibernate.engine.transaction.jta.platform.internal.JtaPlatformInitiator [main] HHH000490: Using JtaPlatform implementation: [org.hibernate.engine.transaction.jta.platform.internal.NoJtaPlatform]
2021-04-17 13:36:46,607 INFO org.springframework.orm.jpa.LocalContainerEntityManagerFactoryBean [main] Initialized JPA EntityManagerFactory for persistence unit 'default'
2021-04-17 13:36:48,133 WARN org.springframework.boot.autoconfigure.orm.jpa.JpaBaseConfiguration$JpaWebConfiguration [main] spring.jpa.open-in-view is enabled by default. Therefore, database queries may be performed during view rendering. Explicitly configure spring.jpa.open-in-view to disable this warning
2021-04-17 13:36:48,846 INFO org.springframework.scheduling.concurrent.ThreadPoolTaskExecutor [main] Initializing ExecutorService 'applicationTaskExecutor'
2021-04-17 13:36:49,483 INFO org.apache.coyote.http11.Http11NioProtocol [main] Starting ProtocolHandler ["http-nio-8081"]
2021-04-17 13:36:49,503 INFO org.springframework.boot.web.embedded.tomcat.TomcatWebServer [main] Tomcat started on port(s): 8081 (http) with context path ''
2021-04-17 13:36:50,386 INFO com.Sprint1HomeDecoreStoreApplication [main] Started Sprint1HomeDecoreStoreApplication in 12.708 seconds (JVM running for 14.336)
2021-04-17 13:37:07,174 INFO org.apache.catalina.core.ContainerBase.[Tomcat].[localhost].[/] [http-nio-8081-exec-1] Initializing Spring DispatcherServlet 'dispatcherServlet'
2021-04-17 13:37:07,175 INFO org.springframework.web.servlet.DispatcherServlet [http-nio-8081-exec-1] Initializing Servlet 'dispatcherServlet'
2021-04-17 13:37:07,179 INFO org.springframework.web.servlet.DispatcherServlet [http-nio-8081-exec-1] Completed initialization in 4 ms
2021-04-17 13:37:13,445 INFO org.springframework.boot.admin.SpringApplicationAdminMXBeanRegistrar$SpringApplicationAdmin [RMI TCP Connection(2)-127.0.0.1] Application shutdown requested.
2021-04-17 13:37:13,950 INFO org.springframework.scheduling.concurrent.ThreadPoolTaskExecutor [RMI TCP Connection(2)-127.0.0.1] Shutting down ExecutorService 'applicationTaskExecutor'
2021-04-17 13:37:13,966 INFO org.springframework.orm.jpa.LocalContainerEntityManagerFactoryBean [RMI TCP Connection(2)-127.0.0.1] Closing JPA EntityManagerFactory for persistence unit 'default'
2021-04-17 13:37:13,971 INFO com.zaxxer.hikari.HikariDataSource [RMI TCP Connection(2)-127.0.0.1] HikariPoolBooks - Shutdown initiated...
2021-04-17 13:37:13,985 INFO com.zaxxer.hikari.HikariDataSource [RMI TCP Connection(2)-127.0.0.1] HikariPoolBooks - Shutdown completed.
2021-04-17 13:37:18,831 INFO org.hibernate.validator.internal.util.Version [background-preinit] HV000001: Hibernate Validator 6.1.7.Final
2021-04-17 13:37:18,835 INFO com.Sprint1HomeDecoreStoreApplication [main] Starting Sprint1HomeDecoreStoreApplication using Java 1.8.0_111 on DESKTOP-DLC9QJO with PID 11140 (E:\CapgeminiSpringProject\Sprint1-Home_Decore_Store\bin\main started by Happy in E:\CapgeminiSpringProject\Sprint1-Home_Decore_Store)
2021-04-17 13:37:18,836 DEBUG com.Sprint1HomeDecoreStoreApplication [main] Running with Spring Boot v2.4.4, Spring v5.3.5
2021-04-17 13:37:18,836 INFO com.Sprint1HomeDecoreStoreApplication [main] No active profile set, falling back to default profiles: default
2021-04-17 13:37:21,486 INFO org.springframework.data.repository.config.RepositoryConfigurationDelegate [main] Bootstrapping Spring Data JPA repositories in DEFAULT mode.
2021-04-17 13:37:22,308 INFO org.springframework.data.repository.config.RepositoryConfigurationDelegate [main] Finished Spring Data repository scanning in 811 ms. Found 8 JPA repository interfaces.
2021-04-17 13:37:23,111 INFO org.springframework.boot.web.embedded.tomcat.TomcatWebServer [main] Tomcat initialized with port(s): 8081 (http)
2021-04-17 13:37:23,122 INFO org.apache.coyote.http11.Http11NioProtocol [main] Initializing ProtocolHandler ["http-nio-8081"]
2021-04-17 13:37:23,123 INFO org.apache.catalina.core.StandardService [main] Starting service [Tomcat]
2021-04-17 13:37:23,123 INFO org.apache.catalina.core.StandardEngine [main] Starting Servlet engine: [Apache Tomcat/9.0.44]
2021-04-17 13:37:23,348 INFO org.apache.catalina.core.ContainerBase.[Tomcat].[localhost].[/] [main] Initializing Spring embedded WebApplicationContext
2021-04-17 13:37:23,348 INFO org.springframework.boot.web.servlet.context.ServletWebServerApplicationContext [main] Root WebApplicationContext: initialization completed in 4447 ms
2021-04-17 13:37:24,231 INFO org.hibernate.jpa.internal.util.LogHelper [main] HHH000204: Processing PersistenceUnitInfo [name: default]
2021-04-17 13:37:24,280 INFO org.hibernate.Version [main] HHH000412: Hibernate ORM core version 5.4.29.Final
2021-04-17 13:37:24,424 INFO org.hibernate.annotations.common.Version [main] HCANN000001: Hibernate Commons Annotations {5.1.2.Final}
2021-04-17 13:37:24,535 INFO com.zaxxer.hikari.HikariDataSource [main] HikariPoolBooks - Starting...
2021-04-17 13:37:25,293 INFO com.zaxxer.hikari.HikariDataSource [main] HikariPoolBooks - Start completed.
2021-04-17 13:37:25,309 INFO org.hibernate.dialect.Dialect [main] HHH000400: Using dialect: org.hibernate.dialect.Oracle12cDialect
2021-04-17 13:37:26,634 INFO org.hibernate.engine.transaction.jta.platform.internal.JtaPlatformInitiator [main] HHH000490: Using JtaPlatform implementation: [org.hibernate.engine.transaction.jta.platform.internal.NoJtaPlatform]
2021-04-17 13:37:26,645 INFO org.springframework.orm.jpa.LocalContainerEntityManagerFactoryBean [main] Initialized JPA EntityManagerFactory for persistence unit 'default'
2021-04-17 13:37:28,170 WARN org.springframework.boot.autoconfigure.orm.jpa.JpaBaseConfiguration$JpaWebConfiguration [main] spring.jpa.open-in-view is enabled by default. Therefore, database queries may be performed during view rendering. Explicitly configure spring.jpa.open-in-view to disable this warning
2021-04-17 13:37:28,881 INFO org.springframework.scheduling.concurrent.ThreadPoolTaskExecutor [main] Initializing ExecutorService 'applicationTaskExecutor'
2021-04-17 13:37:29,508 INFO org.apache.coyote.http11.Http11NioProtocol [main] Starting ProtocolHandler ["http-nio-8081"]
2021-04-17 13:37:29,528 INFO org.springframework.boot.web.embedded.tomcat.TomcatWebServer [main] Tomcat started on port(s): 8081 (http) with context path ''
2021-04-17 13:37:30,345 INFO com.Sprint1HomeDecoreStoreApplication [main] Started Sprint1HomeDecoreStoreApplication in 11.909 seconds (JVM running for 13.686)
2021-04-17 13:37:36,227 INFO org.apache.catalina.core.ContainerBase.[Tomcat].[localhost].[/] [http-nio-8081-exec-2] Initializing Spring DispatcherServlet 'dispatcherServlet'
2021-04-17 13:37:36,227 INFO org.springframework.web.servlet.DispatcherServlet [http-nio-8081-exec-2] Initializing Servlet 'dispatcherServlet'
2021-04-17 13:37:36,229 INFO org.springframework.web.servlet.DispatcherServlet [http-nio-8081-exec-2] Completed initialization in 2 ms
2021-04-17 14:27:20,400 INFO com.Sprint1HomeDecoreStoreApplication [main] Starting Sprint1HomeDecoreStoreApplication using Java 1.8.0_111 on DESKTOP-DLC9QJO with PID 1384 (C:\Users\Happy\git\Home-Decor-Store\Sprint1-Home_Decore_Store\bin\main started by Happy in C:\Users\Happy\git\Home-Decor-Store\Sprint1-Home_Decore_Store)
2021-04-17 14:27:20,395 INFO org.hibernate.validator.internal.util.Version [background-preinit] HV000001: Hibernate Validator 6.1.7.Final
2021-04-17 14:27:20,505 DEBUG com.Sprint1HomeDecoreStoreApplication [main] Running with Spring Boot v2.4.4, Spring v5.3.5
2021-04-17 14:27:20,506 INFO com.Sprint1HomeDecoreStoreApplication [main] No active profile set, falling back to default profiles: default
2021-04-17 14:27:37,053 INFO org.springframework.data.repository.config.RepositoryConfigurationDelegate [main] Bootstrapping Spring Data JPA repositories in DEFAULT mode.
2021-04-17 14:27:39,459 INFO org.springframework.data.repository.config.RepositoryConfigurationDelegate [main] Finished Spring Data repository scanning in 2367 ms. Found 8 JPA repository interfaces.
2021-04-17 14:27:42,150 INFO org.springframework.boot.web.embedded.tomcat.TomcatWebServer [main] Tomcat initialized with port(s): 8081 (http)
2021-04-17 14:27:42,178 INFO org.apache.coyote.http11.Http11NioProtocol [main] Initializing ProtocolHandler ["http-nio-8081"]
2021-04-17 14:27:42,181 INFO org.apache.catalina.core.StandardService [main] Starting service [Tomcat]
2021-04-17 14:27:42,183 INFO org.apache.catalina.core.StandardEngine [main] Starting Servlet engine: [Apache Tomcat/9.0.44]
2021-04-17 14:27:42,698 INFO org.apache.catalina.core.ContainerBase.[Tomcat].[localhost].[/] [main] Initializing Spring embedded WebApplicationContext
2021-04-17 14:27:42,699 INFO org.springframework.boot.web.servlet.context.ServletWebServerApplicationContext [main] Root WebApplicationContext: initialization completed in 22115 ms
2021-04-17 14:27:44,905 INFO org.hibernate.jpa.internal.util.LogHelper [main] HHH000204: Processing PersistenceUnitInfo [name: default]
2021-04-17 14:27:45,213 INFO org.hibernate.Version [main] HHH000412: Hibernate ORM core version 5.4.29.Final
2021-04-17 14:27:45,689 INFO org.hibernate.annotations.common.Version [main] HCANN000001: Hibernate Commons Annotations {5.1.2.Final}
2021-04-17 14:27:46,343 INFO com.zaxxer.hikari.HikariDataSource [main] HikariPoolBooks - Starting...
2021-04-17 14:27:48,719 INFO com.zaxxer.hikari.HikariDataSource [main] HikariPoolBooks - Start completed.
2021-04-17 14:27:48,792 INFO org.hibernate.dialect.Dialect [main] HHH000400: Using dialect: org.hibernate.dialect.Oracle12cDialect
2021-04-17 14:27:51,901 INFO org.hibernate.engine.transaction.jta.platform.internal.JtaPlatformInitiator [main] HHH000490: Using JtaPlatform implementation: [org.hibernate.engine.transaction.jta.platform.internal.NoJtaPlatform]
2021-04-17 14:27:51,920 INFO org.springframework.orm.jpa.LocalContainerEntityManagerFactoryBean [main] Initialized JPA EntityManagerFactory for persistence unit 'default'
2021-04-17 14:27:54,606 WARN org.springframework.boot.autoconfigure.orm.jpa.JpaBaseConfiguration$JpaWebConfiguration [main] spring.jpa.open-in-view is enabled by default. Therefore, database queries may be performed during view rendering. Explicitly configure spring.jpa.open-in-view to disable this warning
2021-04-17 14:27:55,997 INFO org.springframework.scheduling.concurrent.ThreadPoolTaskExecutor [main] Initializing ExecutorService 'applicationTaskExecutor'
2021-04-17 14:27:57,263 INFO org.apache.coyote.http11.Http11NioProtocol [main] Starting ProtocolHandler ["http-nio-8081"]
2021-04-17 14:27:57,288 WARN org.springframework.boot.web.servlet.context.AnnotationConfigServletWebServerApplicationContext [main] Exception encountered during context initialization - cancelling refresh attempt: org.springframework.context.ApplicationContextException: Failed to start bean 'webServerStartStop'; nested exception is org.springframework.boot.web.server.PortInUseException: Port 8081 is already in use
2021-04-17 14:27:57,290 INFO org.springframework.scheduling.concurrent.ThreadPoolTaskExecutor [main] Shutting down ExecutorService 'applicationTaskExecutor'
2021-04-17 14:27:57,299 INFO org.springframework.orm.jpa.LocalContainerEntityManagerFactoryBean [main] Closing JPA EntityManagerFactory for persistence unit 'default'
2021-04-17 14:27:57,303 INFO com.zaxxer.hikari.HikariDataSource [main] HikariPoolBooks - Shutdown initiated...
2021-04-17 14:27:57,312 INFO com.zaxxer.hikari.HikariDataSource [main] HikariPoolBooks - Shutdown completed.
2021-04-17 14:27:57,318 INFO org.apache.coyote.http11.Http11NioProtocol [main] Pausing ProtocolHandler ["http-nio-8081"]
2021-04-17 14:27:57,318 INFO org.apache.catalina.core.StandardService [main] Stopping service [Tomcat]
2021-04-17 14:27:57,337 INFO org.apache.coyote.http11.Http11NioProtocol [main] Stopping ProtocolHandler ["http-nio-8081"]
2021-04-17 14:27:57,337 INFO org.apache.coyote.http11.Http11NioProtocol [main] Destroying ProtocolHandler ["http-nio-8081"]
2021-04-17 14:27:57,351 INFO org.springframework.boot.autoconfigure.logging.ConditionEvaluationReportLoggingListener [main] 

Error starting ApplicationContext. To display the conditions report re-run your application with 'debug' enabled.
2021-04-17 14:27:57,541 ERROR org.springframework.boot.diagnostics.LoggingFailureAnalysisReporter [main] 

***************************
APPLICATION FAILED TO START
***************************

Description:

Web server failed to start. Port 8081 was already in use.

Action:

Identify and stop the process that's listening on port 8081 or configure this application to listen on another port.

2021-04-17 14:29:04,351 INFO org.hibernate.validator.internal.util.Version [background-preinit] HV000001: Hibernate Validator 6.1.7.Final
2021-04-17 14:29:04,360 INFO com.Sprint1HomeDecoreStoreApplication [main] Starting Sprint1HomeDecoreStoreApplication using Java 1.8.0_111 on DESKTOP-DLC9QJO with PID 10632 (C:\Users\Happy\git\Home-Decor-Store\Sprint1-Home_Decore_Store\bin\main started by Happy in C:\Users\Happy\git\Home-Decor-Store\Sprint1-Home_Decore_Store)
2021-04-17 14:29:04,361 DEBUG com.Sprint1HomeDecoreStoreApplication [main] Running with Spring Boot v2.4.4, Spring v5.3.5
2021-04-17 14:29:04,362 INFO com.Sprint1HomeDecoreStoreApplication [main] No active profile set, falling back to default profiles: default
2021-04-17 14:29:07,180 INFO org.springframework.data.repository.config.RepositoryConfigurationDelegate [main] Bootstrapping Spring Data JPA repositories in DEFAULT mode.
2021-04-17 14:29:08,055 INFO org.springframework.data.repository.config.RepositoryConfigurationDelegate [main] Finished Spring Data repository scanning in 862 ms. Found 8 JPA repository interfaces.
2021-04-17 14:29:08,951 INFO org.springframework.boot.web.embedded.tomcat.TomcatWebServer [main] Tomcat initialized with port(s): 8081 (http)
2021-04-17 14:29:08,963 INFO org.apache.coyote.http11.Http11NioProtocol [main] Initializing ProtocolHandler ["http-nio-8081"]
2021-04-17 14:29:08,964 INFO org.apache.catalina.core.StandardService [main] Starting service [Tomcat]
2021-04-17 14:29:08,965 INFO org.apache.catalina.core.StandardEngine [main] Starting Servlet engine: [Apache Tomcat/9.0.44]
2021-04-17 14:29:09,195 INFO org.apache.catalina.core.ContainerBase.[Tomcat].[localhost].[/] [main] Initializing Spring embedded WebApplicationContext
2021-04-17 14:29:09,196 INFO org.springframework.boot.web.servlet.context.ServletWebServerApplicationContext [main] Root WebApplicationContext: initialization completed in 4757 ms
2021-04-17 14:29:10,127 INFO org.hibernate.jpa.internal.util.LogHelper [main] HHH000204: Processing PersistenceUnitInfo [name: default]
2021-04-17 14:29:10,192 INFO org.hibernate.Version [main] HHH000412: Hibernate ORM core version 5.4.29.Final
2021-04-17 14:29:10,369 INFO org.hibernate.annotations.common.Version [main] HCANN000001: Hibernate Commons Annotations {5.1.2.Final}
2021-04-17 14:29:10,512 INFO com.zaxxer.hikari.HikariDataSource [main] HikariPoolBooks - Starting...
2021-04-17 14:29:11,287 INFO com.zaxxer.hikari.HikariDataSource [main] HikariPoolBooks - Start completed.
2021-04-17 14:29:11,308 INFO org.hibernate.dialect.Dialect [main] HHH000400: Using dialect: org.hibernate.dialect.Oracle12cDialect
2021-04-17 14:29:12,797 INFO org.hibernate.engine.transaction.jta.platform.internal.JtaPlatformInitiator [main] HHH000490: Using JtaPlatform implementation: [org.hibernate.engine.transaction.jta.platform.internal.NoJtaPlatform]
2021-04-17 14:29:12,809 INFO org.springframework.orm.jpa.LocalContainerEntityManagerFactoryBean [main] Initialized JPA EntityManagerFactory for persistence unit 'default'
2021-04-17 14:29:14,531 WARN org.springframework.boot.autoconfigure.orm.jpa.JpaBaseConfiguration$JpaWebConfiguration [main] spring.jpa.open-in-view is enabled by default. Therefore, database queries may be performed during view rendering. Explicitly configure spring.jpa.open-in-view to disable this warning
2021-04-17 14:29:15,361 INFO org.springframework.scheduling.concurrent.ThreadPoolTaskExecutor [main] Initializing ExecutorService 'applicationTaskExecutor'
2021-04-17 14:29:16,104 INFO org.apache.coyote.http11.Http11NioProtocol [main] Starting ProtocolHandler ["http-nio-8081"]
2021-04-17 14:29:16,195 INFO org.springframework.boot.web.embedded.tomcat.TomcatWebServer [main] Tomcat started on port(s): 8081 (http) with context path ''
2021-04-17 14:29:17,069 INFO com.Sprint1HomeDecoreStoreApplication [main] Started Sprint1HomeDecoreStoreApplication in 13.181 seconds (JVM running for 14.863)
